  main.cpp
C:\Program Files\Microsoft Visual Studio\2022\Community\VC\Tools\MSVC\14.37.32822\include\numeric(138,26): warning C4244: '=': '_Ty2'에서 '_Ty'(으)로 변환하면서 데이터가 손실될 수 있습니다.
          with
          [
              _Ty2=double
          ]
          and
          [
              _Ty=int
          ]
C:\Program Files\Microsoft Visual Studio\2022\Community\VC\Tools\MSVC\14.37.32822\include\numeric(148,17): message : 컴파일되는 함수 템플릿 인스턴스화 '_Ty std::inner_product<_InIt1,_InIt2,int,std::plus<void>,std::multiplies<void>>(_InIt1,_InIt1,_InIt2,_Ty,_BinOp1,_BinOp2)'에 대한 참조를 확인하세요.
          with
          [
              _Ty=int,
              _InIt1=std::_Vector_iterator<std::_Vector_val<std::_Simple_types<double>>>,
              _InIt2=std::_Vector_iterator<std::_Vector_val<std::_Simple_types<double>>>,
              _BinOp1=std::plus<void>,
              _BinOp2=std::multiplies<void>
          ]
C:\Users\geekynerdbiker\Documents\GitHub\Crebugs\workspace\vstudio-workspace\ConsoleApplication2\main.cpp(71,18): message : 컴파일되는 함수 템플릿 인스턴스화 '_Ty std::inner_product<std::_Vector_iterator<std::_Vector_val<std::_Simple_types<double>>>,std::_Vector_iterator<std::_Vector_val<std::_Simple_types<double>>>,int>(const _InIt1,const _InIt1,const _InIt2,_Ty)'에 대한 참조를 확인하세요.
          with
          [
              _Ty=int,
              _InIt1=std::_Vector_iterator<std::_Vector_val<std::_Simple_types<double>>>,
              _InIt2=std::_Vector_iterator<std::_Vector_val<std::_Simple_types<double>>>
          ]
  ConsoleApplication2.vcxproj -> C:\Users\geekynerdbiker\Documents\GitHub\Crebugs\workspace\vstudio-workspace\ConsoleApplication2\x64\Debug\ConsoleApplication2.exe
