 INFO: tws starting:8181:1484
 INFO: request:GET / HTTP/1.1**Host: 127.0.0.1:8181**User-Agent: Mozilla/5.0 (Macintosh; Intel Mac OS X 10_7_5) AppleWebKit/536.26.17 (KHTML, like Gecko) Version/6.0.2 Safari/536.26.17**Accept: text/html,application/xhtml+xml,application/xml;q=0.9,*/*;q=0.8**Accept-Language: en-us**Accept-Encoding: gzip, deflate**Connection: keep-alive****:1
 INFO: SEND:index.html:1
 INFO: Header:HTTP/1.1 200 OK
Server: tws/1.0
Content-Length: 156
Connection: close
Content-Type: text/html

:1
 INFO: request:GET /ufp.jpg HTTP/1.1**Host: 127.0.0.1:8181**User-Agent: Mozilla/5.0 (Macintosh; Intel Mac OS X 10_7_5) AppleWebKit/536.26.17 (KHTML, like Gecko) Version/6.0.2 Safari/536.26.17**Accept: */***Referer: http://127.0.0.1:8181/**Accept-Language: en-us**Accept-Encoding: gzip, deflate**Connection: keep-alive****:2
 INFO: SEND:ufp.jpg:2
 INFO: Header:HTTP/1.1 200 OK
Server: tws/1.0
Content-Length: 25711
Connection: close
Content-Type: image/jpg

:2
 INFO: request:GET /index.html HTTP/1.0 ****:3
 INFO: SEND:index.html:3
 INFO: Header:HTTP/1.1 200 OK
Server: tws/1.0
Content-Length: 156
Connection: close
Content-Type: text/html

:3
 INFO: request:GET /index.html HTTP/1.0 ****:4
 INFO: SEND:index.html:4
 INFO: Header:HTTP/1.1 200 OK
Server: tws/1.0
Content-Length: 156
Connection: close
Content-Type: text/html

:4
 INFO: tws starting:8181:1991
 INFO: request:GET /index.html HTTP/1.0 ****:1
 INFO: SEND:index.html:1
 INFO: Header:HTTP/1.1 200 OK
Server: tws/1.0
Content-Length: 156
Connection: close
Content-Type: text/html

:1
 INFO: tws starting:8181:2013
ERROR: system call:bind Errno=48 exiting pid=2013
 INFO: tws starting:8180:2024
 INFO: request:GET /index.html HTTP/1.0 ****:1
 INFO: SEND:index.html:1
 INFO: Header:HTTP/1.1 200 OK
Server: tws/1.0
Content-Length: 156
Connection: close
Content-Type: text/html

:1
 INFO: request:GET /index.html HTTP/1.0 ****:2
 INFO: SEND:index.html:2
 INFO: Header:HTTP/1.1 200 OK
Server: tws/1.0
Content-Length: 156
Connection: close
Content-Type: text/html

:2
 INFO: tws starting:8180:2030
ERROR: system call:bind Errno=48 exiting pid=2030
 INFO: tws starting:8180:2044
 INFO: request:GET /index.html HTTP/1.0 ****:1
 INFO: SEND:index.html:1
 INFO: Header:HTTP/1.1 200 OK
Server: tws/1.0
Content-Length: 156
Connection: close
Content-Type: text/html

:1
 INFO: request:GET /index.html HTTP/1.0 ****:2
 INFO: SEND:index.html:2
 INFO: Header:HTTP/1.1 200 OK
Server: tws/1.0
Content-Length: 156
Connection: close
Content-Type: text/html

:2
 INFO: request:GET /index.html HTTP/1.0 ****:3
 INFO: SEND:index.html:3
 INFO: Header:HTTP/1.1 200 OK
Server: tws/1.0
Content-Length: 156
Connection: close
Content-Type: text/html

:3
 INFO: request:GET / HTTP/1.1**Host: 127.0.0.1:8180**User-Agent: Mozilla/5.0 (Macintosh; Intel Mac OS X 10_7_5) AppleWebKit/536.26.17 (KHTML, like Gecko) Version/6.0.2 Safari/536.26.17**Accept: text/html,application/xhtml+xml,application/xml;q=0.9,*/*;q=0.8**Accept-Language: en-us**Accept-Encoding: gzip, deflate**Connection: keep-alive****:4
 INFO: SEND:index.html:4
 INFO: Header:HTTP/1.1 200 OK
Server: tws/1.0
Content-Length: 156
Connection: close
Content-Type: text/html

:4
 INFO: request:GET /ufp.jpg HTTP/1.1**Host: 127.0.0.1:8180**User-Agent: Mozilla/5.0 (Macintosh; Intel Mac OS X 10_7_5) AppleWebKit/536.26.17 (KHTML, like Gecko) Version/6.0.2 Safari/536.26.17**Accept: */***Referer: http://127.0.0.1:8180/**Accept-Language: en-us**Accept-Encoding: gzip, deflate**Connection: keep-alive****:5
 INFO: SEND:ufp.jpg:5
 INFO: Header:HTTP/1.1 200 OK
Server: tws/1.0
Content-Length: 25711
Connection: close
Content-Type: image/jpg

:5
 INFO: request:GET /favicon.ico HTTP/1.1**Host: 127.0.0.1:8180**User-Agent: Mozilla/5.0 (Macintosh; Intel Mac OS X 10_7_5) AppleWebKit/536.26.17 (KHTML, like Gecko) Version/6.0.2 Safari/536.26.17**Accept: */***Referer: http://127.0.0.1:8180/**Accept-Language: en-us**Accept-Encoding: gzip, deflate**Connection: keep-alive****:6
 INFO: SEND:favicon.ico:6
 INFO: Header:HTTP/1.1 200 OK
Server: tws/1.0
Content-Length: 318
Connection: close
Content-Type: image/ico

:6
 INFO: tws starting:8180:2067
 INFO: request:GET / HTTP/1.1**Host: 127.0.0.1:8180**User-Agent: Mozilla/5.0 (Macintosh; Intel Mac OS X 10_7_5) AppleWebKit/536.26.17 (KHTML, like Gecko) Version/6.0.2 Safari/536.26.17**Accept: text/html,application/xhtml+xml,application/xml;q=0.9,*/*;q=0.8**Accept-Language: en-us**Accept-Encoding: gzip, deflate**Connection: keep-alive****:1
 INFO: SEND:index.html:1
 INFO: Header:HTTP/1.1 200 OK
Server: tws/1.0
Content-Length: 156
Connection: close
Content-Type: text/html

:1
 INFO: request:GET /ufp.jpg HTTP/1.1**Host: 127.0.0.1:8180**User-Agent: Mozilla/5.0 (Macintosh; Intel Mac OS X 10_7_5) AppleWebKit/536.26.17 (KHTML, like Gecko) Version/6.0.2 Safari/536.26.17**Accept: */***Referer: http://127.0.0.1:8180/**Accept-Language: en-us**Accept-Encoding: gzip, deflate**Connection: keep-alive****:2
 INFO: SEND:ufp.jpg:2
 INFO: Header:HTTP/1.1 200 OK
Server: tws/1.0
Content-Length: 25711
Connection: close
Content-Type: image/jpg

:2
 INFO: request:GET /index.html HTTP/1.0 ****:3
 INFO: SEND:index.html:3
 INFO: Header:HTTP/1.1 200 OK
Server: tws/1.0
Content-Length: 156
Connection: close
Content-Type: text/html

:3
 INFO: request:GET /index.html HTTP/1.0 ****:4
 INFO: SEND:index.html:4
 INFO: Header:HTTP/1.1 200 OK
Server: tws/1.0
Content-Length: 156
Connection: close
Content-Type: text/html

:4
 INFO: tws starting:8180:2082
ERROR: system call:bind Errno=48 exiting pid=2082
 INFO: tws starting:8180:2120
 INFO: request:GET /index.html HTTP/1.0 ****:1
 INFO: SEND:index.html:1
 INFO: Header:HTTP/1.1 200 OK
Server: tws/1.0
Content-Length: 156
Connection: close
Content-Type: text/html

:1
 INFO: request:GET / HTTP/1.1**Host: 127.0.0.1:8180**User-Agent: Mozilla/5.0 (Macintosh; Intel Mac OS X 10_7_5) AppleWebKit/536.26.17 (KHTML, like Gecko) Version/6.0.2 Safari/536.26.17**Accept: text/html,application/xhtml+xml,application/xml;q=0.9,*/*;q=0.8**Accept-Language: en-us**Accept-Encoding: gzip, deflate**Connection: keep-alive****:2
 INFO: SEND:index.html:2
 INFO: Header:HTTP/1.1 200 OK
Server: tws/1.0
Content-Length: 156
Connection: close
Content-Type: text/html

:2
 INFO: request:GET /ufp.jpg HTTP/1.1**Host: 127.0.0.1:8180**User-Agent: Mozilla/5.0 (Macintosh; Intel Mac OS X 10_7_5) AppleWebKit/536.26.17 (KHTML, like Gecko) Version/6.0.2 Safari/536.26.17**Accept: */***Referer: http://127.0.0.1:8180/**Accept-Language: en-us**Accept-Encoding: gzip, deflate**Connection: keep-alive****:3
 INFO: SEND:ufp.jpg:3
 INFO: Header:HTTP/1.1 200 OK
Server: tws/1.0
Content-Length: 25711
Connection: close
Content-Type: image/jpg

:3
 INFO: tws starting:8180:2584
 INFO: request:GET /index.html HTTP/1.0 ****:1
 INFO: SEND:index.html:1
 INFO: Header:HTTP/1.1 200 OK
Server: tws/1.0
Content-Length: 156
Connection: close
Content-Type: text/html

:1
 INFO: tws starting:8180:2590
ERROR: system call:bind Errno=48 exiting pid=2590
 INFO: tws starting:8180:2673
 INFO: request:GET /index.html HTTP/1.0 ****:1
 INFO: SEND:index.html:1
 INFO: Header:HTTP/1.1 200 OK
Server: tws/1.0
Content-Length: 156
Connection: close
Content-Type: text/html

:1
 INFO: tws starting:8180:2678
ERROR: system call:bind Errno=48 exiting pid=2678
 INFO: tws starting:8180:2682
ERROR: system call:bind Errno=48 exiting pid=2682
 INFO: tws starting:8180:2685
ERROR: system call:bind Errno=48 exiting pid=2685
 INFO: tws starting:8180:2696
 INFO: request:GET /index.html HTTP/1.0 ****:1
 INFO: SEND:index.html:1
 INFO: Header:HTTP/1.1 200 OK
Server: tws/1.0
Content-Length: 156
Connection: close
Content-Type: text/html

:1
 INFO: request:GET /index.html HTTP/1.0 ****:2
 INFO: SEND:index.html:2
 INFO: Header:HTTP/1.1 200 OK
Server: tws/1.0
Content-Length: 156
Connection: close
Content-Type: text/html

:2
 INFO: tws starting:8080:158
 INFO: request:GET /index.html HTTP/1.0 ****:1
 INFO: SEND:index.html:1
 INFO: Header:HTTP/1.1 200 OK
Server: tws/1.0
Content-Length: 156
Connection: close
Content-Type: text/html

:1
 INFO: request:GET /index.html HTTP/1.0 ****:2
 INFO: SEND:index.html:2
 INFO: Header:HTTP/1.1 200 OK
Server: tws/1.0
Content-Length: 156
Connection: close
Content-Type: text/html

:2
 INFO: tws starting:8080:267
 INFO: request:GET /index.html HTTP/1.0 ****:1
 INFO: SEND:index.html:1
 INFO: Header:HTTP/1.1 200 OK
Server: tws/1.0
Content-Length: 156
Connection: close
Content-Type: text/html

:1
 INFO: request:GET /index.html HTTP/1.0 ****:2
 INFO: SEND:index.html:2
 INFO: Header:HTTP/1.1 200 OK
Server: tws/1.0
Content-Length: 156
Connection: close
Content-Type: text/html

:2
 INFO: tws starting:8080:276
 INFO: request:GET /index.html HTTP/1.0 ****:1
 INFO: SEND:index.html:1
 INFO: Header:HTTP/1.1 200 OK
Server: tws/1.0
Content-Length: 156
Connection: close
Content-Type: text/html

:1
 INFO: tws starting:8080:288
 INFO: request:GET /index.html HTTP/1.0 ****:1
 INFO: SEND:index.html:1
 INFO: Header:HTTP/1.1 200 OK
Server: tws/1.0
Content-Length: 156
Connection: close
Content-Type: text/html

:1
 INFO: request:GET /index.html HTTP/1.0 ****:2
 INFO: SEND:index.html:2
 INFO: Header:HTTP/1.1 200 OK
Server: tws/1.0
Content-Length: 156
Connection: close
Content-Type: text/html

:2
 INFO: request:GET /index.html HTTP/1.0 ****:3
 INFO: SEND:index.html:3
 INFO: Header:HTTP/1.1 200 OK
Server: tws/1.0
Content-Length: 156
Connection: close
Content-Type: text/html

:3
 INFO: request:GET / HTTP/1.1**Host: 127.0.0.1:8080**User-Agent: Mozilla/5.0 (Windows NT 10.0; Win64; x64; rv:109.0) Gecko/20100101 Firefox/110.0**Accept: text/html,application/xhtml+xml,application/xml;q=0.9,image/avif,image/webp,*/*;q=0.8**Accept-Language: pt-PT,pt;q=0.8,en;q=0.5,en-US;q=0.3**Accept-Encoding: gzip, deflate, br**Connection: keep-alive**Upgrade-Insecure-Requests: 1**Sec-Fetch-Dest: document**Sec-Fetch-Mode: navigate**Sec-Fetch-Site: none**Sec-Fetch-User: ?1****:4
 INFO: SEND:index.html:4
 INFO: Header:HTTP/1.1 200 OK
Server: tws/1.0
Content-Length: 156
Connection: close
Content-Type: text/html

:4
 INFO: request:GET /ufp.jpg HTTP/1.1**Host: 127.0.0.1:8080**User-Agent: Mozilla/5.0 (Windows NT 10.0; Win64; x64; rv:109.0) Gecko/20100101 Firefox/110.0**Accept: image/avif,image/webp,*/***Accept-Language: pt-PT,pt;q=0.8,en;q=0.5,en-US;q=0.3**Accept-Encoding: gzip, deflate, br**Connection: keep-alive**Referer: http://127.0.0.1:8080/**Sec-Fetch-Dest: image**Sec-Fetch-Mode: no-cors**Sec-Fetch-Site: same-origin****:5
 INFO: SEND:ufp.jpg:5
 INFO: Header:HTTP/1.1 200 OK
Server: tws/1.0
Content-Length: 25711
Connection: close
Content-Type: image/jpg

:5
 INFO: request:GET /favicon.ico HTTP/1.1**Host: 127.0.0.1:8080**User-Agent: Mozilla/5.0 (Windows NT 10.0; Win64; x64; rv:109.0) Gecko/20100101 Firefox/110.0**Accept: image/avif,image/webp,*/***Accept-Language: pt-PT,pt;q=0.8,en;q=0.5,en-US;q=0.3**Accept-Encoding: gzip, deflate, br**Connection: keep-alive**Referer: http://127.0.0.1:8080/**Sec-Fetch-Dest: image**Sec-Fetch-Mode: no-cors**Sec-Fetch-Site: same-origin****:6
 INFO: SEND:favicon.ico:6
 INFO: Header:HTTP/1.1 200 OK
Server: tws/1.0
Content-Length: 318
Connection: close
Content-Type: image/ico

:6
 INFO: tws starting:8080:114
 INFO: request:GET /index.html HTTP/1.0 ****:1
 INFO: SEND:index.html:1
 INFO: Header:HTTP/1.1 200 OK
Server: tws/1.0
Content-Length: 156
Connection: close
Content-Type: text/html

:1
 INFO: tws starting:8080:226
 INFO: tws starting:8080:232
 INFO: request:GET /index.html HTTP/1.0 ****:1
 INFO: SEND:index.html:1
 INFO: Header:HTTP/1.1 200 OK
Server: tws/1.0
Content-Length: 156
Connection: close
Content-Type: text/html

:1
 INFO: request:GET /index.html HTTP/1.0 ****:2
 INFO: SEND:index.html:2
 INFO: Header:HTTP/1.1 200 OK
Server: tws/1.0
Content-Length: 156
Connection: close
Content-Type: text/html

:2
 INFO: request:GET / HTTP/1.1**Host: 127.0.0.1:8080**User-Agent: Mozilla/5.0 (Windows NT 10.0; Win64; x64; rv:109.0) Gecko/20100101 Firefox/110.0**Accept: text/html,application/xhtml+xml,application/xml;q=0.9,image/avif,image/webp,*/*;q=0.8**Accept-Language: pt-PT,pt;q=0.8,en;q=0.5,en-US;q=0.3**Accept-Encoding: gzip, deflate, br**Connection: keep-alive**Upgrade-Insecure-Requests: 1**Sec-Fetch-Dest: document**Sec-Fetch-Mode: navigate**Sec-Fetch-Site: none**Sec-Fetch-User: ?1****:3
 INFO: SEND:index.html:3
 INFO: Header:HTTP/1.1 200 OK
Server: tws/1.0
Content-Length: 156
Connection: close
Content-Type: text/html

:3
 INFO: request:GET /ufp.jpg HTTP/1.1**Host: 127.0.0.1:8080**User-Agent: Mozilla/5.0 (Windows NT 10.0; Win64; x64; rv:109.0) Gecko/20100101 Firefox/110.0**Accept: image/avif,image/webp,*/***Accept-Language: pt-PT,pt;q=0.8,en;q=0.5,en-US;q=0.3**Accept-Encoding: gzip, deflate, br**Connection: keep-alive**Referer: http://127.0.0.1:8080/**Sec-Fetch-Dest: image**Sec-Fetch-Mode: no-cors**Sec-Fetch-Site: same-origin****:4
 INFO: SEND:ufp.jpg:4
 INFO: Header:HTTP/1.1 200 OK
Server: tws/1.0
Content-Length: 25711
Connection: close
Content-Type: image/jpg

:4
 INFO: request:GET /favicon.ico HTTP/1.1**Host: 127.0.0.1:8080**User-Agent: Mozilla/5.0 (Windows NT 10.0; Win64; x64; rv:109.0) Gecko/20100101 Firefox/110.0**Accept: image/avif,image/webp,*/***Accept-Language: pt-PT,pt;q=0.8,en;q=0.5,en-US;q=0.3**Accept-Encoding: gzip, deflate, br**Connection: keep-alive**Referer: http://127.0.0.1:8080/**Sec-Fetch-Dest: image**Sec-Fetch-Mode: no-cors**Sec-Fetch-Site: same-origin****:5
 INFO: SEND:favicon.ico:5
 INFO: Header:HTTP/1.1 200 OK
Server: tws/1.0
Content-Length: 318
Connection: close
Content-Type: image/ico

:5
 INFO: request:GET / HTTP/1.1**Host: 127.0.0.1:8080**User-Agent: Mozilla/5.0 (Windows NT 10.0; Win64; x64; rv:109.0) Gecko/20100101 Firefox/110.0**Accept: text/html,application/xhtml+xml,application/xml;q=0.9,image/avif,image/webp,*/*;q=0.8**Accept-Language: pt-PT,pt;q=0.8,en;q=0.5,en-US;q=0.3**Accept-Encoding: gzip, deflate, br**Connection: keep-alive**Upgrade-Insecure-Requests: 1**Sec-Fetch-Dest: document**Sec-Fetch-Mode: navigate**Sec-Fetch-Site: cross-site**Sec-Fetch-User: ?1****:6
 INFO: SEND:index.html:6
 INFO: Header:HTTP/1.1 200 OK
Server: tws/1.0
Content-Length: 156
Connection: close
Content-Type: text/html

:6
 INFO: request:GET /ufp.jpg HTTP/1.1**Host: 127.0.0.1:8080**User-Agent: Mozilla/5.0 (Windows NT 10.0; Win64; x64; rv:109.0) Gecko/20100101 Firefox/110.0**Accept: image/avif,image/webp,*/***Accept-Language: pt-PT,pt;q=0.8,en;q=0.5,en-US;q=0.3**Accept-Encoding: gzip, deflate, br**Connection: keep-alive**Referer: http://127.0.0.1:8080/**Sec-Fetch-Dest: image**Sec-Fetch-Mode: no-cors**Sec-Fetch-Site: same-origin****:7
 INFO: SEND:ufp.jpg:7
 INFO: Header:HTTP/1.1 200 OK
Server: tws/1.0
Content-Length: 25711
Connection: close
Content-Type: image/jpg

:7
 INFO: request:GET /favicon.ico HTTP/1.1**Host: 127.0.0.1:8080**User-Agent: Mozilla/5.0 (Windows NT 10.0; Win64; x64; rv:109.0) Gecko/20100101 Firefox/110.0**Accept: image/avif,image/webp,*/***Accept-Language: pt-PT,pt;q=0.8,en;q=0.5,en-US;q=0.3**Accept-Encoding: gzip, deflate, br**Connection: keep-alive**Referer: http://127.0.0.1:8080/**Sec-Fetch-Dest: image**Sec-Fetch-Mode: no-cors**Sec-Fetch-Site: same-origin****:8
 INFO: SEND:favicon.ico:8
 INFO: Header:HTTP/1.1 200 OK
Server: tws/1.0
Content-Length: 318
Connection: close
Content-Type: image/ico

:8
 INFO: request:GET / HTTP/1.1**Host: 127.0.0.1:8080**User-Agent: Mozilla/5.0 (Windows NT 10.0; Win64; x64; rv:109.0) Gecko/20100101 Firefox/110.0**Accept: text/html,application/xhtml+xml,application/xml;q=0.9,image/avif,image/webp,*/*;q=0.8**Accept-Language: pt-PT,pt;q=0.8,en;q=0.5,en-US;q=0.3**Accept-Encoding: gzip, deflate, br**Connection: keep-alive**Upgrade-Insecure-Requests: 1**Sec-Fetch-Dest: document**Sec-Fetch-Mode: navigate**Sec-Fetch-Site: cross-site**Sec-Fetch-User: ?1****:9
 INFO: SEND:index.html:9
 INFO: Header:HTTP/1.1 200 OK
Server: tws/1.0
Content-Length: 123
Connection: close
Content-Type: text/html

:9
 INFO: request:GET /ufp.jpg HTTP/1.1**Host: 127.0.0.1:8080**User-Agent: Mozilla/5.0 (Windows NT 10.0; Win64; x64; rv:109.0) Gecko/20100101 Firefox/110.0**Accept: image/avif,image/webp,*/***Accept-Language: pt-PT,pt;q=0.8,en;q=0.5,en-US;q=0.3**Accept-Encoding: gzip, deflate, br**Connection: keep-alive**Referer: http://127.0.0.1:8080/**Sec-Fetch-Dest: image**Sec-Fetch-Mode: no-cors**Sec-Fetch-Site: same-origin****:10
 INFO: SEND:ufp.jpg:10
 INFO: Header:HTTP/1.1 200 OK
Server: tws/1.0
Content-Length: 25711
Connection: close
Content-Type: image/jpg

:10
